This file contains any messages produced by compilers while
running configure, to aid debugging if configure makes a mistake.

It was created by mcpp configure 2.7.2, which was
generated by GNU Autoconf 2.61.  Invocation command line was

  $ ./configure --prefix=/var/tmp/mcpp --exec-prefix=/var/tmp/mcpp

## --------- ##
## Platform. ##
## --------- ##

hostname = ray15.doc.ic.ac.uk
uname -m = x86_64
uname -r = 5.0.0-37-generic
uname -s = Linux
uname -v = #40~18.04.1-Ubuntu SMP Thu Nov 14 12:06:39 UTC 2019

/usr/bin/uname -p = unknown
/bin/uname -X     = unknown

/bin/arch              = unknown
/usr/bin/arch -k       = unknown
/usr/convex/getsysinfo = unknown
/usr/bin/hostinfo      = unknown
/bin/machine           = unknown
/usr/bin/oslevel       = unknown
/bin/universe          = unknown

PATH: /usr/local/sbin
PATH: /usr/local/bin
PATH: /usr/sbin
PATH: /usr/bin
PATH: /sbin
PATH: /bin
PATH: /usr/games
PATH: /usr/local/games
PATH: /snap/bin
PATH: /bin
PATH: /vol/lab/bin
PATH: /vol/lab/bin/Linux/x86_64
PATH: /vol/lab/satsolvers/bin/


## ----------- ##
## Core tests. ##
## ----------- ##

configure:2021: checking build system type
configure:2039: result: x86_64-unknown-linux-gnu
configure:2061: checking host system type
configure:2076: result: x86_64-unknown-linux-gnu
configure:2098: checking target system type
configure:2113: result: x86_64-unknown-linux-gnu
configure:2156: checking for a BSD-compatible install
configure:2212: result: /usr/bin/install -c
configure:2223: checking whether build environment is sane
configure:2266: result: yes
configure:2294: checking for a thread-safe mkdir -p
configure:2333: result: /bin/mkdir -p
configure:2346: checking for gawk
configure:2362: found /usr/bin/gawk
configure:2373: result: gawk
configure:2384: checking whether make sets $(MAKE)
configure:2405: result: yes
configure:2643: checking for gcc
configure:2659: found /usr/bin/gcc
configure:2670: result: gcc
configure:2908: checking for C compiler version
configure:2915: gcc --version >&5
gcc (Ubuntu 7.4.0-1ubuntu1~18.04.1) 7.4.0
Copyright (C) 2017 Free Software Foundation, Inc.
This is free software; see the source for copying conditions.  There is NO
warranty; not even for MERCHANTABILITY or FITNESS FOR A PARTICULAR PURPOSE.

configure:2918: $? = 0
configure:2925: gcc -v >&5
Using built-in specs.
COLLECT_GCC=gcc
COLLECT_LTO_WRAPPER=/usr/lib/gcc/x86_64-linux-gnu/7/lto-wrapper
OFFLOAD_TARGET_NAMES=nvptx-none
OFFLOAD_TARGET_DEFAULT=1
Target: x86_64-linux-gnu
Configured with: ../src/configure -v --with-pkgversion='Ubuntu 7.4.0-1ubuntu1~18.04.1' --with-bugurl=file:///usr/share/doc/gcc-7/README.Bugs --enable-languages=c,ada,c++,go,brig,d,fortran,objc,obj-c++ --prefix=/usr --with-gcc-major-version-only --program-suffix=-7 --program-prefix=x86_64-linux-gnu- --enable-shared --enable-linker-build-id --libexecdir=/usr/lib --without-included-gettext --enable-threads=posix --libdir=/usr/lib --enable-nls --with-sysroot=/ --enable-clocale=gnu --enable-libstdcxx-debug --enable-libstdcxx-time=yes --with-default-libstdcxx-abi=new --enable-gnu-unique-object --disable-vtable-verify --enable-libmpx --enable-plugin --enable-default-pie --with-system-zlib --with-target-system-zlib --enable-objc-gc=auto --enable-multiarch --disable-werror --with-arch-32=i686 --with-abi=m64 --with-multilib-list=m32,m64,mx32 --enable-multilib --with-tune=generic --enable-offload-targets=nvptx-none --without-cuda-driver --enable-checking=release --build=x86_64-linux-gnu --host=x86_64-linux-gnu --target=x86_64-linux-gnu
Thread model: posix
gcc version 7.4.0 (Ubuntu 7.4.0-1ubuntu1~18.04.1) 
configure:2928: $? = 0
configure:2935: gcc -V >&5
gcc: error: unrecognized command line option '-V'
gcc: fatal error: no input files
compilation terminated.
configure:2938: $? = 1
configure:2961: checking for C compiler default output file name
configure:2988: gcc    conftest.c  >&5
configure:2991: $? = 0
configure:3029: result: a.out
configure:3046: checking whether the C compiler works
configure:3056: ./a.out
configure:3059: $? = 0
configure:3076: result: yes
configure:3083: checking whether we are cross compiling
configure:3085: result: no
configure:3088: checking for suffix of executables
configure:3095: gcc -o conftest    conftest.c  >&5
configure:3098: $? = 0
configure:3122: result: 
configure:3128: checking for suffix of object files
configure:3154: gcc -c   conftest.c >&5
configure:3157: $? = 0
configure:3180: result: o
configure:3184: checking whether we are using the GNU C compiler
configure:3213: gcc -c   conftest.c >&5
configure:3219: $? = 0
configure:3236: result: yes
configure:3241: checking whether gcc accepts -g
configure:3271: gcc -c -g  conftest.c >&5
configure:3277: $? = 0
configure:3376: result: yes
configure:3393: checking for gcc option to accept ISO C89
configure:3467: gcc  -c -g -O2  conftest.c >&5
configure:3473: $? = 0
configure:3496: result: none needed
configure:3519: checking how to run the C preprocessor
configure:3559: gcc -E  conftest.c
configure:3565: $? = 0
configure:3596: gcc -E  conftest.c
conftest.c:10:10: fatal error: ac_nonexistent.h: No such file or directory
 #include <ac_nonexistent.h>
          ^~~~~~~~~~~~~~~~~~
compilation terminated.
configure:3602: $? = 1
configure: failed program was:
| /* confdefs.h.  */
| #define PACKAGE_NAME "mcpp"
| #define PACKAGE_TARNAME "mcpp"
| #define PACKAGE_VERSION "2.7.2"
| #define PACKAGE_STRING "mcpp 2.7.2"
| #define PACKAGE_BUGREPORT "kmatsui@t3.rim.or.jp"
| #define PACKAGE "mcpp"
| #define VERSION "2.7.2"
| /* end confdefs.h.  */
| #include <ac_nonexistent.h>
configure:3635: result: gcc -E
configure:3664: gcc -E  conftest.c
configure:3670: $? = 0
configure:3701: gcc -E  conftest.c
conftest.c:10:10: fatal error: ac_nonexistent.h: No such file or directory
 #include <ac_nonexistent.h>
          ^~~~~~~~~~~~~~~~~~
compilation terminated.
configure:3707: $? = 1
configure: failed program was:
| /* confdefs.h.  */
| #define PACKAGE_NAME "mcpp"
| #define PACKAGE_TARNAME "mcpp"
| #define PACKAGE_VERSION "2.7.2"
| #define PACKAGE_STRING "mcpp 2.7.2"
| #define PACKAGE_BUGREPORT "kmatsui@t3.rim.or.jp"
| #define PACKAGE "mcpp"
| #define VERSION "2.7.2"
| /* end confdefs.h.  */
| #include <ac_nonexistent.h>
configure:3757: checking for a BSD-compatible install
configure:3813: result: /usr/bin/install -c
configure:3824: checking for grep that handles long lines and -e
configure:3898: result: /bin/grep
configure:3903: checking for egrep
configure:3981: result: /bin/grep -E
configure:4060: checking for a sed that does not truncate output
configure:4114: result: /bin/sed
configure:4128: checking for ld used by gcc
configure:4195: result: /usr/bin/ld
configure:4204: checking if the linker (/usr/bin/ld) is GNU ld
configure:4219: result: yes
configure:4224: checking for /usr/bin/ld option to reload object files
configure:4231: result: -r
configure:4249: checking for BSD-compatible nm
configure:4298: result: /usr/bin/nm -B
configure:4302: checking whether ln -s works
configure:4306: result: yes
configure:4313: checking how to recognise dependent libraries
configure:4489: result: pass_all
configure:4577: gcc -c -g -O2  conftest.c >&5
configure:4580: $? = 0
configure:5009: checking for ANSI C header files
configure:5039: gcc -c -g -O2  conftest.c >&5
configure:5045: $? = 0
configure:5144: gcc -o conftest -g -O2   conftest.c  >&5
configure:5147: $? = 0
configure:5153: ./conftest
configure:5156: $? = 0
configure:5173: result: yes
configure:5197: checking for sys/types.h
configure:5218: gcc -c -g -O2  conftest.c >&5
configure:5224: $? = 0
configure:5240: result: yes
configure:5197: checking for sys/stat.h
configure:5218: gcc -c -g -O2  conftest.c >&5
configure:5224: $? = 0
configure:5240: result: yes
configure:5197: checking for stdlib.h
configure:5218: gcc -c -g -O2  conftest.c >&5
configure:5224: $? = 0
configure:5240: result: yes
configure:5197: checking for string.h
configure:5218: gcc -c -g -O2  conftest.c >&5
configure:5224: $? = 0
configure:5240: result: yes
configure:5197: checking for memory.h
configure:5218: gcc -c -g -O2  conftest.c >&5
configure:5224: $? = 0
configure:5240: result: yes
configure:5197: checking for strings.h
configure:5218: gcc -c -g -O2  conftest.c >&5
configure:5224: $? = 0
configure:5240: result: yes
configure:5197: checking for inttypes.h
configure:5218: gcc -c -g -O2  conftest.c >&5
configure:5224: $? = 0
configure:5240: result: yes
configure:5197: checking for stdint.h
configure:5218: gcc -c -g -O2  conftest.c >&5
configure:5224: $? = 0
configure:5240: result: yes
configure:5197: checking for unistd.h
configure:5218: gcc -c -g -O2  conftest.c >&5
configure:5224: $? = 0
configure:5240: result: yes
configure:5267: checking dlfcn.h usability
configure:5284: gcc -c -g -O2  conftest.c >&5
configure:5290: $? = 0
configure:5304: result: yes
configure:5308: checking dlfcn.h presence
configure:5323: gcc -E  conftest.c
configure:5329: $? = 0
configure:5343: result: yes
configure:5376: checking for dlfcn.h
configure:5384: result: yes
configure:5455: checking for g++
configure:5471: found /usr/bin/g++
configure:5482: result: g++
configure:5513: checking for C++ compiler version
configure:5520: g++ --version >&5
g++ (Ubuntu 7.4.0-1ubuntu1~18.04.1) 7.4.0
Copyright (C) 2017 Free Software Foundation, Inc.
This is free software; see the source for copying conditions.  There is NO
warranty; not even for MERCHANTABILITY or FITNESS FOR A PARTICULAR PURPOSE.

configure:5523: $? = 0
configure:5530: g++ -v >&5
Using built-in specs.
COLLECT_GCC=g++
COLLECT_LTO_WRAPPER=/usr/lib/gcc/x86_64-linux-gnu/7/lto-wrapper
OFFLOAD_TARGET_NAMES=nvptx-none
OFFLOAD_TARGET_DEFAULT=1
Target: x86_64-linux-gnu
Configured with: ../src/configure -v --with-pkgversion='Ubuntu 7.4.0-1ubuntu1~18.04.1' --with-bugurl=file:///usr/share/doc/gcc-7/README.Bugs --enable-languages=c,ada,c++,go,brig,d,fortran,objc,obj-c++ --prefix=/usr --with-gcc-major-version-only --program-suffix=-7 --program-prefix=x86_64-linux-gnu- --enable-shared --enable-linker-build-id --libexecdir=/usr/lib --without-included-gettext --enable-threads=posix --libdir=/usr/lib --enable-nls --with-sysroot=/ --enable-clocale=gnu --enable-libstdcxx-debug --enable-libstdcxx-time=yes --with-default-libstdcxx-abi=new --enable-gnu-unique-object --disable-vtable-verify --enable-libmpx --enable-plugin --enable-default-pie --with-system-zlib --with-target-system-zlib --enable-objc-gc=auto --enable-multiarch --disable-werror --with-arch-32=i686 --with-abi=m64 --with-multilib-list=m32,m64,mx32 --enable-multilib --with-tune=generic --enable-offload-targets=nvptx-none --without-cuda-driver --enable-checking=release --build=x86_64-linux-gnu --host=x86_64-linux-gnu --target=x86_64-linux-gnu
Thread model: posix
gcc version 7.4.0 (Ubuntu 7.4.0-1ubuntu1~18.04.1) 
configure:5533: $? = 0
configure:5540: g++ -V >&5
g++: error: unrecognized command line option '-V'
g++: fatal error: no input files
compilation terminated.
configure:5543: $? = 1
configure:5546: checking whether we are using the GNU C++ compiler
configure:5575: g++ -c   conftest.cpp >&5
configure:5581: $? = 0
configure:5598: result: yes
configure:5603: checking whether g++ accepts -g
configure:5633: g++ -c -g  conftest.cpp >&5
configure:5639: $? = 0
configure:5738: result: yes
configure:5771: checking how to run the C++ preprocessor
configure:5807: g++ -E  conftest.cpp
configure:5813: $? = 0
configure:5844: g++ -E  conftest.cpp
conftest.cpp:21:10: fatal error: ac_nonexistent.h: No such file or directory
 #include <ac_nonexistent.h>
          ^~~~~~~~~~~~~~~~~~
compilation terminated.
configure:5850: $? = 1
configure: failed program was:
| /* confdefs.h.  */
| #define PACKAGE_NAME "mcpp"
| #define PACKAGE_TARNAME "mcpp"
| #define PACKAGE_VERSION "2.7.2"
| #define PACKAGE_STRING "mcpp 2.7.2"
| #define PACKAGE_BUGREPORT "kmatsui@t3.rim.or.jp"
| #define PACKAGE "mcpp"
| #define VERSION "2.7.2"
| #define STDC_HEADERS 1
| #define HAVE_SYS_TYPES_H 1
| #define HAVE_SYS_STAT_H 1
| #define HAVE_STDLIB_H 1
| #define HAVE_STRING_H 1
| #define HAVE_MEMORY_H 1
| #define HAVE_STRINGS_H 1
| #define HAVE_INTTYPES_H 1
| #define HAVE_STDINT_H 1
| #define HAVE_UNISTD_H 1
| #define HAVE_DLFCN_H 1
| /* end confdefs.h.  */
| #include <ac_nonexistent.h>
configure:5883: result: g++ -E
configure:5912: g++ -E  conftest.cpp
configure:5918: $? = 0
configure:5949: g++ -E  conftest.cpp
conftest.cpp:21:10: fatal error: ac_nonexistent.h: No such file or directory
 #include <ac_nonexistent.h>
          ^~~~~~~~~~~~~~~~~~
compilation terminated.
configure:5955: $? = 1
configure: failed program was:
| /* confdefs.h.  */
| #define PACKAGE_NAME "mcpp"
| #define PACKAGE_TARNAME "mcpp"
| #define PACKAGE_VERSION "2.7.2"
| #define PACKAGE_STRING "mcpp 2.7.2"
| #define PACKAGE_BUGREPORT "kmatsui@t3.rim.or.jp"
| #define PACKAGE "mcpp"
| #define VERSION "2.7.2"
| #define STDC_HEADERS 1
| #define HAVE_SYS_TYPES_H 1
| #define HAVE_SYS_STAT_H 1
| #define HAVE_STDLIB_H 1
| #define HAVE_STRING_H 1
| #define HAVE_MEMORY_H 1
| #define HAVE_STRINGS_H 1
| #define HAVE_INTTYPES_H 1
| #define HAVE_STDINT_H 1
| #define HAVE_UNISTD_H 1
| #define HAVE_DLFCN_H 1
| /* end confdefs.h.  */
| #include <ac_nonexistent.h>
configure:6048: checking for g77
configure:6078: result: no
configure:6048: checking for xlf
configure:6078: result: no
configure:6048: checking for f77
configure:6064: found /usr/bin/f77
configure:6075: result: f77
configure:6105: checking for Fortran 77 compiler version
configure:6112: f77 --version >&5
GNU Fortran (Ubuntu 7.4.0-1ubuntu1~18.04.1) 7.4.0
Copyright (C) 2017 Free Software Foundation, Inc.
This is free software; see the source for copying conditions.  There is NO
warranty; not even for MERCHANTABILITY or FITNESS FOR A PARTICULAR PURPOSE.

configure:6115: $? = 0
configure:6122: f77 -v >&5
Using built-in specs.
COLLECT_GCC=f77
COLLECT_LTO_WRAPPER=/usr/lib/gcc/x86_64-linux-gnu/7/lto-wrapper
OFFLOAD_TARGET_NAMES=nvptx-none
OFFLOAD_TARGET_DEFAULT=1
Target: x86_64-linux-gnu
Configured with: ../src/configure -v --with-pkgversion='Ubuntu 7.4.0-1ubuntu1~18.04.1' --with-bugurl=file:///usr/share/doc/gcc-7/README.Bugs --enable-languages=c,ada,c++,go,brig,d,fortran,objc,obj-c++ --prefix=/usr --with-gcc-major-version-only --program-suffix=-7 --program-prefix=x86_64-linux-gnu- --enable-shared --enable-linker-build-id --libexecdir=/usr/lib --without-included-gettext --enable-threads=posix --libdir=/usr/lib --enable-nls --with-sysroot=/ --enable-clocale=gnu --enable-libstdcxx-debug --enable-libstdcxx-time=yes --with-default-libstdcxx-abi=new --enable-gnu-unique-object --disable-vtable-verify --enable-libmpx --enable-plugin --enable-default-pie --with-system-zlib --with-target-system-zlib --enable-objc-gc=auto --enable-multiarch --disable-werror --with-arch-32=i686 --with-abi=m64 --with-multilib-list=m32,m64,mx32 --enable-multilib --with-tune=generic --enable-offload-targets=nvptx-none --without-cuda-driver --enable-checking=release --build=x86_64-linux-gnu --host=x86_64-linux-gnu --target=x86_64-linux-gnu
Thread model: posix
gcc version 7.4.0 (Ubuntu 7.4.0-1ubuntu1~18.04.1) 
configure:6125: $? = 0
configure:6132: f77 -V >&5
f77: error: unrecognized command line option '-V'
f77: fatal error: no input files
compilation terminated.
configure:6135: $? = 1
configure:6143: checking whether we are using the GNU Fortran 77 compiler
configure:6162: f77 -c  conftest.F >&5
configure:6168: $? = 0
configure:6185: result: yes
configure:6191: checking whether f77 accepts -g
configure:6208: f77 -c -g conftest.f >&5
configure:6214: $? = 0
configure:6230: result: yes
configure:6260: checking the maximum length of command line arguments
configure:6369: result: 32768
configure:6380: checking command to parse /usr/bin/nm -B output from gcc object
configure:6485: gcc -c -g -O2  conftest.c >&5
configure:6488: $? = 0
configure:6492: /usr/bin/nm -B conftest.o \| sed -n -e 's/^.*[ 	]\([ABCDGIRSTW][ABCDGIRSTW]*\)[ 	][ 	]*\([_A-Za-z][_A-Za-z0-9]*\)$/\1 \2 \2/p' \> conftest.nm
configure:6495: $? = 0
configure:6547: gcc -o conftest -g -O2   conftest.c conftstm.o >&5
configure:6550: $? = 0
configure:6588: result: ok
configure:6592: checking for objdir
configure:6607: result: .libs
configure:6699: checking for ar
configure:6715: found /usr/bin/ar
configure:6726: result: ar
configure:6795: checking for ranlib
configure:6811: found /usr/bin/ranlib
configure:6822: result: ranlib
configure:6891: checking for strip
configure:6907: found /usr/bin/strip
configure:6918: result: strip
configure:7204: checking if gcc supports -fno-rtti -fno-exceptions
configure:7222: gcc -c -g -O2  -fno-rtti -fno-exceptions conftest.c >&5
cc1: warning: command line option '-fno-rtti' is valid for C++/ObjC++ but not for C
configure:7226: $? = 0
configure:7239: result: no
configure:7254: checking for gcc option to produce PIC
configure:7464: result: -fPIC
configure:7472: checking if gcc PIC flag -fPIC works
configure:7490: gcc -c -g -O2  -fPIC -DPIC conftest.c >&5
configure:7494: $? = 0
configure:7507: result: yes
configure:7535: checking if gcc static flag -static works
configure:7563: result: yes
configure:7573: checking if gcc supports -c -o file.o
configure:7594: gcc -c -g -O2  -o out/conftest2.o conftest.c >&5
configure:7598: $? = 0
configure:7620: result: yes
configure:7646: checking whether the gcc linker (/usr/bin/ld -m elf_x86_64) supports shared libraries
configure:8601: result: yes
configure:8622: checking whether -lc should be explicitly linked in
configure:8627: gcc -c -g -O2  conftest.c >&5
configure:8630: $? = 0
configure:8645: gcc -shared conftest.o  -v -Wl,-soname -Wl,conftest -o conftest 2\>\&1 \| grep  -lc  \>/dev/null 2\>\&1
configure:8648: $? = 0
configure:8660: result: no
configure:8668: checking dynamic linker characteristics
configure:9244: result: GNU/Linux ld.so
configure:9253: checking how to hardcode library paths into programs
configure:9278: result: immediate
configure:9292: checking whether stripping libraries is possible
configure:9297: result: yes
configure:10098: checking if libtool supports shared libraries
configure:10100: result: yes
configure:10103: checking whether to build shared libraries
configure:10124: result: yes
configure:10127: checking whether to build static libraries
configure:10131: result: yes
configure:10223: creating libtool
configure:10811: checking for ld used by g++
configure:10878: result: /usr/bin/ld -m elf_x86_64
configure:10887: checking if the linker (/usr/bin/ld -m elf_x86_64) is GNU ld
configure:10902: result: yes
configure:10953: checking whether the g++ linker (/usr/bin/ld -m elf_x86_64) supports shared libraries
configure:11887: result: yes
configure:11905: g++ -c -g -O2  conftest.cpp >&5
configure:11908: $? = 0
configure:12027: checking for g++ option to produce PIC
configure:12301: result: -fPIC
configure:12309: checking if g++ PIC flag -fPIC works
configure:12327: g++ -c -g -O2  -fPIC -DPIC conftest.cpp >&5
configure:12331: $? = 0
configure:12344: result: yes
configure:12372: checking if g++ static flag -static works
configure:12400: result: yes
configure:12410: checking if g++ supports -c -o file.o
configure:12431: g++ -c -g -O2  -o out/conftest2.o conftest.cpp >&5
configure:12435: $? = 0
configure:12457: result: yes
configure:12483: checking whether the g++ linker (/usr/bin/ld -m elf_x86_64) supports shared libraries
configure:12511: result: yes
configure:12578: checking dynamic linker characteristics
configure:13154: result: GNU/Linux ld.so
configure:13163: checking how to hardcode library paths into programs
configure:13188: result: immediate
configure:13714: checking if libtool supports shared libraries
configure:13716: result: yes
configure:13719: checking whether to build shared libraries
configure:13739: result: yes
configure:13742: checking whether to build static libraries
configure:13746: result: yes
configure:13756: checking for f77 option to produce PIC
configure:13966: result: -fPIC
configure:13974: checking if f77 PIC flag -fPIC works
configure:13992: f77 -c -g -O2 -fPIC conftest.f >&5
configure:13996: $? = 0
configure:14009: result: yes
configure:14037: checking if f77 static flag -static works
configure:14065: result: yes
configure:14075: checking if f77 supports -c -o file.o
configure:14096: f77 -c -g -O2 -o out/conftest2.o conftest.f >&5
configure:14100: $? = 0
configure:14122: result: yes
configure:14148: checking whether the f77 linker (/usr/bin/ld -m elf_x86_64) supports shared libraries
configure:15083: result: yes
configure:15150: checking dynamic linker characteristics
configure:15726: result: GNU/Linux ld.so
configure:15735: checking how to hardcode library paths into programs
configure:15760: result: immediate
configure:19308: checking whether the cpp is target preprocessor
configure:19316: result: yes
configure:19453: checking for target cpu
configure:19478: result: x86_64
configure:19511: checking unistd.h, usability
configure:19528: gcc -c -g -O2  conftest.c >&5
conftest.c:58:10: fatal error: unistd.h,: No such file or directory
 #include <unistd.h,>
          ^~~~~~~~~~~
compilation terminated.
configure:19534: $? = 1
configure: failed program was:
| /* confdefs.h.  */
| #define PACKAGE_NAME "mcpp"
| #define PACKAGE_TARNAME "mcpp"
| #define PACKAGE_VERSION "2.7.2"
| #define PACKAGE_STRING "mcpp 2.7.2"
| #define PACKAGE_BUGREPORT "kmatsui@t3.rim.or.jp"
| #define PACKAGE "mcpp"
| #define VERSION "2.7.2"
| #define STDC_HEADERS 1
| #define HAVE_SYS_TYPES_H 1
| #define HAVE_SYS_STAT_H 1
| #define HAVE_STDLIB_H 1
| #define HAVE_STRING_H 1
| #define HAVE_MEMORY_H 1
| #define HAVE_STRINGS_H 1
| #define HAVE_INTTYPES_H 1
| #define HAVE_STDINT_H 1
| #define HAVE_UNISTD_H 1
| #define HAVE_DLFCN_H 1
| #define HOST_SYSTEM SYS_LINUX
| #define SYSTEM SYS_LINUX
| #define COMPILER INDEPENDENT
| #define CPU "x86_64"
| /* end confdefs.h.  */
| #include <stdio.h>
| #ifdef HAVE_SYS_TYPES_H
| # include <sys/types.h>
| #endif
| #ifdef HAVE_SYS_STAT_H
| # include <sys/stat.h>
| #endif
| #ifdef STDC_HEADERS
| # include <stdlib.h>
| # include <stddef.h>
| #else
| # ifdef HAVE_STDLIB_H
| #  include <stdlib.h>
| # endif
| #endif
| #ifdef HAVE_STRING_H
| # if !defined STDC_HEADERS && defined HAVE_MEMORY_H
| #  include <memory.h>
| # endif
| # include <string.h>
| #endif
| #ifdef HAVE_STRINGS_H
| # include <strings.h>
| #endif
| #ifdef HAVE_INTTYPES_H
| # include <inttypes.h>
| #endif
| #ifdef HAVE_STDINT_H
| # include <stdint.h>
| #endif
| #ifdef HAVE_UNISTD_H
| # include <unistd.h>
| #endif
| #include <unistd.h,>
configure:19548: result: no
configure:19552: checking unistd.h, presence
configure:19567: gcc -E  conftest.c
conftest.c:25:10: fatal error: unistd.h,: No such file or directory
 #include <unistd.h,>
          ^~~~~~~~~~~
compilation terminated.
configure:19573: $? = 1
configure: failed program was:
| /* confdefs.h.  */
| #define PACKAGE_NAME "mcpp"
| #define PACKAGE_TARNAME "mcpp"
| #define PACKAGE_VERSION "2.7.2"
| #define PACKAGE_STRING "mcpp 2.7.2"
| #define PACKAGE_BUGREPORT "kmatsui@t3.rim.or.jp"
| #define PACKAGE "mcpp"
| #define VERSION "2.7.2"
| #define STDC_HEADERS 1
| #define HAVE_SYS_TYPES_H 1
| #define HAVE_SYS_STAT_H 1
| #define HAVE_STDLIB_H 1
| #define HAVE_STRING_H 1
| #define HAVE_MEMORY_H 1
| #define HAVE_STRINGS_H 1
| #define HAVE_INTTYPES_H 1
| #define HAVE_STDINT_H 1
| #define HAVE_UNISTD_H 1
| #define HAVE_DLFCN_H 1
| #define HOST_SYSTEM SYS_LINUX
| #define SYSTEM SYS_LINUX
| #define COMPILER INDEPENDENT
| #define CPU "x86_64"
| /* end confdefs.h.  */
| #include <unistd.h,>
configure:19587: result: no
configure:19620: checking for unistd.h,
configure:19628: result: no
configure:19511: checking stdint.h, usability
configure:19528: gcc -c -g -O2  conftest.c >&5
conftest.c:58:10: fatal error: stdint.h,: No such file or directory
 #include <stdint.h,>
          ^~~~~~~~~~~
compilation terminated.
configure:19534: $? = 1
configure: failed program was:
| /* confdefs.h.  */
| #define PACKAGE_NAME "mcpp"
| #define PACKAGE_TARNAME "mcpp"
| #define PACKAGE_VERSION "2.7.2"
| #define PACKAGE_STRING "mcpp 2.7.2"
| #define PACKAGE_BUGREPORT "kmatsui@t3.rim.or.jp"
| #define PACKAGE "mcpp"
| #define VERSION "2.7.2"
| #define STDC_HEADERS 1
| #define HAVE_SYS_TYPES_H 1
| #define HAVE_SYS_STAT_H 1
| #define HAVE_STDLIB_H 1
| #define HAVE_STRING_H 1
| #define HAVE_MEMORY_H 1
| #define HAVE_STRINGS_H 1
| #define HAVE_INTTYPES_H 1
| #define HAVE_STDINT_H 1
| #define HAVE_UNISTD_H 1
| #define HAVE_DLFCN_H 1
| #define HOST_SYSTEM SYS_LINUX
| #define SYSTEM SYS_LINUX
| #define COMPILER INDEPENDENT
| #define CPU "x86_64"
| /* end confdefs.h.  */
| #include <stdio.h>
| #ifdef HAVE_SYS_TYPES_H
| # include <sys/types.h>
| #endif
| #ifdef HAVE_SYS_STAT_H
| # include <sys/stat.h>
| #endif
| #ifdef STDC_HEADERS
| # include <stdlib.h>
| # include <stddef.h>
| #else
| # ifdef HAVE_STDLIB_H
| #  include <stdlib.h>
| # endif
| #endif
| #ifdef HAVE_STRING_H
| # if !defined STDC_HEADERS && defined HAVE_MEMORY_H
| #  include <memory.h>
| # endif
| # include <string.h>
| #endif
| #ifdef HAVE_STRINGS_H
| # include <strings.h>
| #endif
| #ifdef HAVE_INTTYPES_H
| # include <inttypes.h>
| #endif
| #ifdef HAVE_STDINT_H
| # include <stdint.h>
| #endif
| #ifdef HAVE_UNISTD_H
| # include <unistd.h>
| #endif
| #include <stdint.h,>
configure:19548: result: no
configure:19552: checking stdint.h, presence
configure:19567: gcc -E  conftest.c
conftest.c:25:10: fatal error: stdint.h,: No such file or directory
 #include <stdint.h,>
          ^~~~~~~~~~~
compilation terminated.
configure:19573: $? = 1
configure: failed program was:
| /* confdefs.h.  */
| #define PACKAGE_NAME "mcpp"
| #define PACKAGE_TARNAME "mcpp"
| #define PACKAGE_VERSION "2.7.2"
| #define PACKAGE_STRING "mcpp 2.7.2"
| #define PACKAGE_BUGREPORT "kmatsui@t3.rim.or.jp"
| #define PACKAGE "mcpp"
| #define VERSION "2.7.2"
| #define STDC_HEADERS 1
| #define HAVE_SYS_TYPES_H 1
| #define HAVE_SYS_STAT_H 1
| #define HAVE_STDLIB_H 1
| #define HAVE_STRING_H 1
| #define HAVE_MEMORY_H 1
| #define HAVE_STRINGS_H 1
| #define HAVE_INTTYPES_H 1
| #define HAVE_STDINT_H 1
| #define HAVE_UNISTD_H 1
| #define HAVE_DLFCN_H 1
| #define HOST_SYSTEM SYS_LINUX
| #define SYSTEM SYS_LINUX
| #define COMPILER INDEPENDENT
| #define CPU "x86_64"
| /* end confdefs.h.  */
| #include <stdint.h,>
configure:19587: result: no
configure:19620: checking for stdint.h,
configure:19628: result: no
configure:19501: checking for inttypes.h
configure:19507: result: yes
configure:19643: checking for intmax_t
configure:19673: gcc -c -g -O2  conftest.c >&5
configure:19679: $? = 0
configure:19694: result: yes
configure:19704: checking for long long
configure:19734: gcc -c -g -O2  conftest.c >&5
configure:19740: $? = 0
configure:19755: result: yes
configure:19772: checking for stpcpy
configure:19828: gcc -o conftest -g -O2   conftest.c  >&5
conftest.c:51:6: warning: conflicting types for built-in function 'stpcpy' [-Wbuiltin-declaration-mismatch]
 char stpcpy ();
      ^~~~~~
configure:19834: $? = 0
configure:19852: result: yes
configure:19864: checking if the cases of filename are folded
configure:19895: gcc -o conftest -g -O2   conftest.c  >&5
configure:19898: $? = 0
configure:19904: ./conftest
configure:19907: $? = 2
configure: program exited with status 2
configure: failed program was:
| 
| #include    <stdio.h>
| #include    <errno.h>
|     void exit();
| int main( void)
| {
|     if (fopen( "HjKl", "r") == NULL)
|         exit( errno);
|     else
|         exit( 0);
| }
configure:19922: result: no
configure:19948: checking printf length modifier for the longest integer
configure:19986: gcc -o conftest -g -O2   conftest.c  >&5
configure:19989: $? = 0
configure:19995: ./conftest
configure:19998: $? = 0
configure:20013: result: j
configure:20026: checking printf length modifier for the longest integer
configure:20091: result: j
configure:20136: checking for value of __GNUC__
configure:20139: result: 7
configure:20146: checking for value of __GNUC_MINOR__
configure:20149: result: 4
configure:22003: creating ./config.status

## ---------------------- ##
## Running config.status. ##
## ---------------------- ##

This file was extended by mcpp config.status 2.7.2, which was
generated by GNU Autoconf 2.61.  Invocation command line was

  CONFIG_FILES    = 
  CONFIG_HEADERS  = 
  CONFIG_LINKS    = 
  CONFIG_COMMANDS = 
  $ ./config.status 

on ray15.doc.ic.ac.uk

config.status:664: creating Makefile
config.status:664: creating src/Makefile
config.status:664: creating tests/Makefile
config.status:664: creating src/config.h
config.status:905: src/config.h is unchanged

## ---------------- ##
## Cache variables. ##
## ---------------- ##

ac_cv_build=x86_64-unknown-linux-gnu
ac_cv_c_compiler_gnu=yes
ac_cv_c_printf_modifier=j
ac_cv_cxx_compiler_gnu=yes
ac_cv_env_CCC_set=
ac_cv_env_CCC_value=
ac_cv_env_CC_set=
ac_cv_env_CC_value=
ac_cv_env_CFLAGS_set=
ac_cv_env_CFLAGS_value=
ac_cv_env_CPPFLAGS_set=
ac_cv_env_CPPFLAGS_value=
ac_cv_env_CPP_set=
ac_cv_env_CPP_value=
ac_cv_env_CXXCPP_set=
ac_cv_env_CXXCPP_value=
ac_cv_env_CXXFLAGS_set=
ac_cv_env_CXXFLAGS_value=
ac_cv_env_CXX_set=
ac_cv_env_CXX_value=
ac_cv_env_F77_set=
ac_cv_env_F77_value=
ac_cv_env_FFLAGS_set=
ac_cv_env_FFLAGS_value=
ac_cv_env_LDFLAGS_set=
ac_cv_env_LDFLAGS_value=
ac_cv_env_LIBS_set=
ac_cv_env_LIBS_value=
ac_cv_env_build_alias_set=
ac_cv_env_build_alias_value=
ac_cv_env_host_alias_set=
ac_cv_env_host_alias_value=
ac_cv_env_target_alias_set=
ac_cv_env_target_alias_value=
ac_cv_f77_compiler_gnu=yes
ac_cv_fname_fold=no
ac_cv_func_stpcpy=yes
ac_cv_header_dlfcn_h=yes
ac_cv_header_inttypes_h=yes
ac_cv_header_memory_h=yes
ac_cv_header_stdc=yes
ac_cv_header_stdint_h=yes
ac_cv_header_stdint_h_=no
ac_cv_header_stdlib_h=yes
ac_cv_header_string_h=yes
ac_cv_header_strings_h=yes
ac_cv_header_sys_stat_h=yes
ac_cv_header_sys_types_h=yes
ac_cv_header_unistd_h=yes
ac_cv_header_unistd_h_=no
ac_cv_host=x86_64-unknown-linux-gnu
ac_cv_objext=o
ac_cv_path_EGREP='/bin/grep -E'
ac_cv_path_GREP=/bin/grep
ac_cv_path_install='/usr/bin/install -c'
ac_cv_path_mkdir=/bin/mkdir
ac_cv_prog_AWK=gawk
ac_cv_prog_CPP='gcc -E'
ac_cv_prog_CXXCPP='g++ -E'
ac_cv_prog_ac_ct_AR=ar
ac_cv_prog_ac_ct_CC=gcc
ac_cv_prog_ac_ct_CXX=g++
ac_cv_prog_ac_ct_F77=f77
ac_cv_prog_ac_ct_RANLIB=ranlib
ac_cv_prog_ac_ct_STRIP=strip
ac_cv_prog_cc_c89=
ac_cv_prog_cc_g=yes
ac_cv_prog_cxx_g=yes
ac_cv_prog_f77_g=yes
ac_cv_prog_make_make_set=yes
ac_cv_target=x86_64-unknown-linux-gnu
ac_cv_type_intmax_t=yes
ac_cv_type_long_long=yes
lt_cv_deplibs_check_method=pass_all
lt_cv_file_magic_cmd='$MAGIC_CMD'
lt_cv_file_magic_test_file=
lt_cv_ld_reload_flag=-r
lt_cv_objdir=.libs
lt_cv_path_LD=/usr/bin/ld
lt_cv_path_LDCXX='/usr/bin/ld -m elf_x86_64'
lt_cv_path_NM='/usr/bin/nm -B'
lt_cv_path_SED=/bin/sed
lt_cv_prog_compiler_c_o=yes
lt_cv_prog_compiler_c_o_CXX=yes
lt_cv_prog_compiler_c_o_F77=yes
lt_cv_prog_compiler_rtti_exceptions=no
lt_cv_prog_gnu_ld=yes
lt_cv_prog_gnu_ldcxx=yes
lt_cv_sys_global_symbol_pipe='sed -n -e '\''s/^.*[ 	]\([ABCDGIRSTW][ABCDGIRSTW]*\)[ 	][ 	]*\([_A-Za-z][_A-Za-z0-9]*\)$/\1 \2 \2/p'\'''
lt_cv_sys_global_symbol_to_c_name_address='sed -n -e '\''s/^: \([^ ]*\) $/  {\"\1\", (lt_ptr) 0},/p'\'' -e '\''s/^[BCDEGRST] \([^ ]*\) \([^ ]*\)$/  {"\2", (lt_ptr) \&\2},/p'\'''
lt_cv_sys_global_symbol_to_cdecl='sed -n -e '\''s/^. .* \(.*\)$/extern int \1;/p'\'''
lt_cv_sys_max_cmd_len=32768
lt_lt_cv_prog_compiler_c_o='"yes"'
lt_lt_cv_prog_compiler_c_o_CXX='"yes"'
lt_lt_cv_prog_compiler_c_o_F77='"yes"'
lt_lt_cv_sys_global_symbol_pipe='"sed -n -e '\''s/^.*[ 	]\\([ABCDGIRSTW][ABCDGIRSTW]*\\)[ 	][ 	]*\\([_A-Za-z][_A-Za-z0-9]*\\)\$/\\1 \\2 \\2/p'\''"'
lt_lt_cv_sys_global_symbol_to_c_name_address='"sed -n -e '\''s/^: \\([^ ]*\\) \$/  {\\\"\\1\\\", (lt_ptr) 0},/p'\'' -e '\''s/^[BCDEGRST] \\([^ ]*\\) \\([^ ]*\\)\$/  {\"\\2\", (lt_ptr) \\&\\2},/p'\''"'
lt_lt_cv_sys_global_symbol_to_cdecl='"sed -n -e '\''s/^. .* \\(.*\\)\$/extern int \\1;/p'\''"'

## ----------------- ##
## Output variables. ##
## ----------------- ##

ACLOCAL='${SHELL} /vol/project/2019/530/g1953010/aleth/imperial_group_project_aleth_mark/mcpp-2.7.2/config/missing --run aclocal-1.10'
AMTAR='${SHELL} /vol/project/2019/530/g1953010/aleth/imperial_group_project_aleth_mark/mcpp-2.7.2/config/missing --run tar'
AR='ar'
AS='as'
AUTOCONF='${SHELL} /vol/project/2019/530/g1953010/aleth/imperial_group_project_aleth_mark/mcpp-2.7.2/config/missing --run autoconf'
AUTOHEADER='${SHELL} /vol/project/2019/530/g1953010/aleth/imperial_group_project_aleth_mark/mcpp-2.7.2/config/missing --run autoheader'
AUTOMAKE='${SHELL} /vol/project/2019/530/g1953010/aleth/imperial_group_project_aleth_mark/mcpp-2.7.2/config/missing --run automake-1.10'
AWK='gawk'
CC='gcc'
CFLAGS='-g -O2'
CPP='gcc -E'
CPPFLAGS=''
CXX='g++'
CXXCPP='g++ -E'
CXXFLAGS='-g -O2'
CYGPATH_W='echo'
DEFS='-DHAVE_CONFIG_H'
DLLTOOL='dlltool'
ECHO='echo'
ECHO_C=''
ECHO_N='-n'
ECHO_T=''
EGREP='/bin/grep -E'
EXEEXT=''
F77='f77'
FFLAGS='-g -O2'
GNUC_FALSE='#'
GNUC_TRUE=''
GREP='/bin/grep'
INSTALL_DATA='${INSTALL} -m 644'
INSTALL_PROGRAM='${INSTALL}'
INSTALL_SCRIPT='${INSTALL}'
INSTALL_STRIP_PROGRAM='$(install_sh) -c -s'
LDFLAGS=''
LIBOBJS=''
LIBS=''
LIBTOOL='$(SHELL) $(top_builddir)/libtool'
LN_S='ln -s'
LTLIBOBJS=''
MAKEINFO='${SHELL} /vol/project/2019/530/g1953010/aleth/imperial_group_project_aleth_mark/mcpp-2.7.2/config/missing --run makeinfo'
MCPP_LIB_FALSE=''
MCPP_LIB_TRUE='#'
MINGW_FALSE=''
MINGW_TRUE='#'
OBJDUMP='objdump'
OBJEXT='o'
PACKAGE='mcpp'
PACKAGE_BUGREPORT='kmatsui@t3.rim.or.jp'
PACKAGE_NAME='mcpp'
PACKAGE_STRING='mcpp 2.7.2'
PACKAGE_TARNAME='mcpp'
PACKAGE_VERSION='2.7.2'
PATH_SEPARATOR=':'
RANLIB='ranlib'
REPLACE_CPP_FALSE=''
REPLACE_CPP_TRUE='#'
SET_MAKE=''
SHELL='/bin/bash'
STRIP='strip'
Target_Cpu='x86_64'
VERSION='2.7.2'
ac_ct_CC='gcc'
ac_ct_CXX='g++'
ac_ct_F77='f77'
am__isrc=''
am__leading_dot='.'
am__tar='${AMTAR} chof - "$$tardir"'
am__untar='${AMTAR} xf -'
bindir='${exec_prefix}/bin'
build='x86_64-unknown-linux-gnu'
build_alias=''
build_cpu='x86_64'
build_os='linux-gnu'
build_vendor='unknown'
cpp_call=''
datadir='${datarootdir}'
datarootdir='${prefix}/share'
docdir='${datarootdir}/doc/${PACKAGE_TARNAME}'
dvidir='${docdir}'
exec_prefix='/var/tmp/mcpp'
gcc_maj_ver='7'
gcc_min_ver='4'
gcc_path=''
gcc_testsuite_dir=''
host='x86_64-unknown-linux-gnu'
host_alias=''
host_cpu='x86_64'
host_os='linux-gnu'
host_system='SYS_LINUX'
host_vendor='unknown'
htmldir='${docdir}'
inc_dir=''
includedir='${prefix}/include'
infodir='${datarootdir}/info'
install_sh='$(SHELL) /vol/project/2019/530/g1953010/aleth/imperial_group_project_aleth_mark/mcpp-2.7.2/config/install-sh'
libdir='${exec_prefix}/lib'
libexecdir='${exec_prefix}/libexec'
localedir='${datarootdir}/locale'
localstatedir='${prefix}/var'
mandir='${datarootdir}/man'
mkdir_p='/bin/mkdir -p'
oldincludedir='/usr/include'
pdfdir='${docdir}'
prefix='/var/tmp/mcpp'
program_transform_name='s,x,x,'
psdir='${docdir}'
sbindir='${exec_prefix}/sbin'
sharedstatedir='${prefix}/com'
sysconfdir='${prefix}/etc'
target='x86_64-unknown-linux-gnu'
target_alias=''
target_cc=''
target_cpu='x86_64'
target_os='linux-gnu'
target_vendor='unknown'

## ----------- ##
## confdefs.h. ##
## ----------- ##

#define PACKAGE_NAME "mcpp"
#define PACKAGE_TARNAME "mcpp"
#define PACKAGE_VERSION "2.7.2"
#define PACKAGE_STRING "mcpp 2.7.2"
#define PACKAGE_BUGREPORT "kmatsui@t3.rim.or.jp"
#define PACKAGE "mcpp"
#define VERSION "2.7.2"
#define STDC_HEADERS 1
#define HAVE_SYS_TYPES_H 1
#define HAVE_SYS_STAT_H 1
#define HAVE_STDLIB_H 1
#define HAVE_STRING_H 1
#define HAVE_MEMORY_H 1
#define HAVE_STRINGS_H 1
#define HAVE_INTTYPES_H 1
#define HAVE_STDINT_H 1
#define HAVE_UNISTD_H 1
#define HAVE_DLFCN_H 1
#define HOST_SYSTEM SYS_LINUX
#define SYSTEM SYS_LINUX
#define COMPILER INDEPENDENT
#define CPU "x86_64"
#define HAVE_INTTYPES_H 1
#define HAVE_INTMAX_T 1
#define HAVE_LONG_LONG 1
#define HAVE_STPCPY 1
#define OBJEXT "o"
#define LL_FORM "j"
#define HOST_COMPILER GNUC
#define HOST_CMP_NAME "GCC"
#define GCC_MAJOR_VERSION "7"
#define GCC_MINOR_VERSION "4"

configure: exit 0
